<?xml version="1.0" encoding="UTF-8"?>
<Site BuildName="(empty)"
	BuildStamp="20240417-0211-Experimental"
	Name="(empty)"
	Generator="ctest-3.26.0-msvc3"
	CompilerName=""
	CompilerVersion=""
	OSName="Windows"
	Hostname="DESKTOP-M2K4OT1"
	OSRelease=" Personal"
	OSVersion=" (Build 19045)"
	OSPlatform="AMD64"
	Is64Bits="1"
	VendorString="AuthenticAMD"
	VendorID="Advanced Micro Devices"
	FamilyID="15"
	ModelID="0"
	ProcessorCacheSize="64"
	NumberOfLogicalCPU="16"
	NumberOfPhysicalCPU="8"
	TotalVirtualMemory="38805"
	TotalPhysicalMemory="28565"
	LogicalProcessorsPerPhysical="2"
	ProcessorClockFrequency="3792"
	>
	<Testing>
		<StartDateTime>Apr 16 21:13 Central Daylight Time</StartDateTime>
		<StartTestTime>1713320006</StartTestTime>
		<TestList/>
		<EndDateTime>Apr 16 21:13 Central Daylight Time</EndDateTime>
		<EndTestTime>1713320006</EndTestTime>
		<ElapsedMinutes>0</ElapsedMinutes>
	</Testing>
</Site>
